# JRE version: OpenJDK Runtime Environment Temurin-17.0.7+7 (17.0.7+7) (build 17.0.7+7)
# Java VM: OpenJDK 64-Bit Server VM Temurin-17.0.7+7 (17.0.7+7, mixed mode, tiered, compressed oops, compressed class ptrs, g1 gc, windows-amd64)
GC Precious Log:
 CPUs: 4 total, 4 available
 Memory: 8074M
 Large Page Support: Disabled
 NUMA Support: Disabled
 Compressed Oops: Enabled (32-bit)
 Heap Region Size: 1M
 Heap Min Capacity: 8M
 Heap Initial Capacity: 128M
 Heap Max Capacity: 2020M
 Pre-touch: Disabled
 Parallel Workers: 4
 Concurrent Workers: 1
 Concurrent Refinement Workers: 4
 Periodic GC: Disabled
Heap:
 garbage-first heap   total 81920K, used 52564K [0x0000000081c00000, 0x0000000100000000)
  region size 1024K, 29 young (29696K), 4 survivors (4096K)
 Metaspace       used 85822K, committed 87232K, reserved 1179648K
  class space    used 10249K, committed 10816K, reserved 1048576K
GC Heap History (20 events):
Event: 19816.672 GC heap before
{Heap before GC invocations=165 (full 47):
 garbage-first heap   total 81920K, used 58238K [0x0000000081c00000, 0x0000000100000000)
  region size 1024K, 35 young (35840K), 4 survivors (4096K)
 Metaspace       used 85324K, committed 86272K, reserved 1179648K
  class space    used 10205K, committed 10688K, reserved 1048576K
}
Event: 19816.748 GC heap after
{Heap after GC invocations=166 (full 48):
 garbage-first heap   total 81920K, used 24012K [0x0000000081c00000, 0x0000000100000000)
  region size 1024K, 0 young (0K), 0 survivors (0K)
 Metaspace       used 85105K, committed 86272K, reserved 1179648K
  class space    used 10187K, committed 10688K, reserved 1048576K
}
Event: 19817.115 GC heap before
{Heap before GC invocations=166 (full 48):
 garbage-first heap   total 81920K, used 63948K [0x0000000081c00000, 0x0000000100000000)
  region size 1024K, 39 young (39936K), 0 survivors (0K)
 Metaspace       used 85274K, committed 86272K, reserved 1179648K
  class space    used 10199K, committed 10688K, reserved 1048576K
}
Event: 19817.119 GC heap after
{Heap after GC invocations=167 (full 48):
 garbage-first heap   total 81920K, used 27562K [0x0000000081c00000, 0x0000000100000000)
  region size 1024K, 4 young (4096K), 4 survivors (4096K)
 Metaspace       used 85274K, committed 86272K, reserved 1179648K
  class space    used 10199K, committed 10688K, reserved 1048576K
}
Event: 19895.604 GC heap before
{Heap before GC invocations=167 (full 48):
 garbage-first heap   total 81920K, used 64426K [0x0000000081c00000, 0x0000000100000000)
  region size 1024K, 40 young (40960K), 4 survivors (4096K)
 Metaspace       used 85603K, committed 86592K, reserved 1179648K
  class space    used 10249K, committed 10752K, reserved 1048576K
}
Event: 19895.625 GC heap after
{Heap after GC invocations=168 (full 48):
 garbage-first heap   total 81920K, used 28641K [0x0000000081c00000, 0x0000000100000000)
  region size 1024K, 2 young (2048K), 2 survivors (2048K)
 Metaspace       used 85603K, committed 86592K, reserved 1179648K
  class space    used 10249K, committed 10752K, reserved 1048576K
}
Event: 19895.952 GC heap before
{Heap before GC invocations=168 (full 48):
 garbage-first heap   total 81920K, used 64481K [0x0000000081c00000, 0x0000000100000000)
  region size 1024K, 37 young (37888K), 2 survivors (2048K)
 Metaspace       used 85873K, committed 86912K, reserved 1179648K
  class space    used 10267K, committed 10816K, reserved 1048576K
}
Event: 19895.956 GC heap after
{Heap after GC invocations=169 (full 48):
 garbage-first heap   total 81920K, used 31082K [0x0000000081c00000, 0x0000000100000000)
  region size 1024K, 5 young (5120K), 5 survivors (5120K)
 Metaspace       used 85873K, committed 86912K, reserved 1179648K
  class space    used 10267K, committed 10816K, reserved 1048576K
}
Event: 19949.139 GC heap before
{Heap before GC invocations=169 (full 48):
 garbage-first heap   total 81920K, used 64874K [0x0000000081c00000, 0x0000000100000000)
  region size 1024K, 38 young (38912K), 5 survivors (5120K)
 Metaspace       used 85916K, committed 86976K, reserved 1179648K
  class space    used 10273K, committed 10816K, reserved 1048576K
}
Event: 19949.155 GC heap after
{Heap after GC invocations=170 (full 48):
 garbage-first heap   total 81920K, used 32088K [0x0000000081c00000, 0x0000000100000000)
  region size 1024K, 4 young (4096K), 4 survivors (4096K)
 Metaspace       used 85916K, committed 86976K, reserved 1179648K
  class space    used 10273K, committed 10816K, reserved 1048576K
}
Event: 19949.384 GC heap before
{Heap before GC invocations=170 (full 48):
 garbage-first heap   total 81920K, used 65880K [0x0000000081c00000, 0x0000000100000000)
  region size 1024K, 37 young (37888K), 4 survivors (4096K)
 Metaspace       used 86170K, committed 87232K, reserved 1179648K
  class space    used 10285K, committed 10816K, reserved 1048576K
}
Event: 19949.402 GC heap after
{Heap after GC invocations=171 (full 48):
 garbage-first heap   total 81920K, used 34065K [0x0000000081c00000, 0x0000000100000000)
  region size 1024K, 5 young (5120K), 5 survivors (5120K)
 Metaspace       used 86170K, committed 87232K, reserved 1179648K
  class space    used 10285K, committed 10816K, reserved 1048576K
}
Event: 20003.391 GC heap before
{Heap before GC invocations=171 (full 48):
 garbage-first heap   total 81920K, used 42257K [0x0000000081c00000, 0x0000000100000000)
  region size 1024K, 14 young (14336K), 5 survivors (5120K)
 Metaspace       used 86182K, committed 87232K, reserved 1179648K
  class space    used 10286K, committed 10816K, reserved 1048576K
}
Event: 20003.468 GC heap after
{Heap after GC invocations=172 (full 49):
 garbage-first heap   total 81920K, used 25032K [0x0000000081c00000, 0x0000000100000000)
  region size 1024K, 0 young (0K), 0 survivors (0K)
 Metaspace       used 85524K, committed 87232K, reserved 1179648K
  class space    used 10231K, committed 10816K, reserved 1048576K
}
Event: 20003.841 GC heap before
{Heap before GC invocations=172 (full 49):
 garbage-first heap   total 81920K, used 61896K [0x0000000081c00000, 0x0000000100000000)
  region size 1024K, 37 young (37888K), 0 survivors (0K)
 Metaspace       used 85666K, committed 87232K, reserved 1179648K
  class space    used 10240K, committed 10816K, reserved 1048576K
}
Event: 20003.845 GC heap after
{Heap after GC invocations=173 (full 49):
 garbage-first heap   total 81920K, used 28315K [0x0000000081c00000, 0x0000000100000000)
  region size 1024K, 4 young (4096K), 4 survivors (4096K)
 Metaspace       used 85666K, committed 87232K, reserved 1179648K
  class space    used 10240K, committed 10816K, reserved 1048576K
}
Event: 20053.868 GC heap before
{Heap before GC invocations=173 (full 49):
 garbage-first heap   total 81920K, used 58011K [0x0000000081c00000, 0x0000000100000000)
  region size 1024K, 34 young (34816K), 4 survivors (4096K)
 Metaspace       used 85816K, committed 87232K, reserved 1179648K
  class space    used 10249K, committed 10816K, reserved 1048576K
}
Event: 20053.937 GC heap after
{Heap after GC invocations=174 (full 50):
 garbage-first heap   total 81920K, used 24592K [0x0000000081c00000, 0x0000000100000000)
  region size 1024K, 0 young (0K), 0 survivors (0K)
 Metaspace       used 85596K, committed 87232K, reserved 1179648K
  class space    used 10231K, committed 10816K, reserved 1048576K
}
Event: 20054.323 GC heap before
{Heap before GC invocations=174 (full 50):
 garbage-first heap   total 81920K, used 63504K [0x0000000081c00000, 0x0000000100000000)
  region size 1024K, 38 young (38912K), 0 survivors (0K)
 Metaspace       used 85753K, committed 87232K, reserved 1179648K
  class space    used 10243K, committed 10816K, reserved 1048576K
}
Event: 20054.327 GC heap after
{Heap after GC invocations=175 (full 50):
 garbage-first heap   total 81920K, used 27988K [0x0000000081c00000, 0x0000000100000000)
  region size 1024K, 4 young (4096K), 4 survivors (4096K)
 Metaspace       used 85753K, committed 87232K, reserved 1179648K
  class space    used 10243K, committed 10816K, reserved 1048576K
}

